#-----------------------------------------------------------
# Vivado v2019.2 (64-bit)
# SW Build 2708876 on Wed Nov  6 21:40:23 MST 2019
# IP Build 2700528 on Thu Nov  7 00:09:20 MST 2019
# Start of session at: Tue Mar 29 18:05:47 2022
# Process ID: 14756
# Current directory: C:/Users/Lingke/Desktop/FYP_Complete_Prototype_Code_Base/Central_Node_FPGA_Prog
# Command line: vivado.exe -gui_launcher_event rodinguilauncherevent14632 C:\Users\Lingke\Desktop\FYP_Complete_Prototype_Code_Base\Central_Node_FPGA_Prog\Central_Node_FPGA_Prog.xpr
# Log file: C:/Users/Lingke/Desktop/FYP_Complete_Prototype_Code_Base/Central_Node_FPGA_Prog/vivado.log
# Journal file: C:/Users/Lingke/Desktop/FYP_Complete_Prototype_Code_Base/Central_Node_FPGA_Prog\vivado.jou
#-----------------------------------------------------------
start_gui
open_project C:/Users/Lingke/Desktop/FYP_Complete_Prototype_Code_Base/Central_Node_FPGA_Prog/Central_Node_FPGA_Prog.xpr
INFO: [Project 1-313] Project file moved from 'C:/Users/Lingke/Desktop/FYP/Final Demo Prototype/Central_Node_FPGA_Prog' since last save.
Scanning sources...
Finished scanning sources
INFO: [filemgmt 56-1] Board Part Repository Path: Directory not found as 'C:/Users/AppData/Roaming/Xilinx/Vivado/2019.1/xhub/board_store'; using path 'C:/Users/Lingke/AppData/Roaming/Xilinx/Vivado/2019.1/xhub/board_store' instead.
INFO: [IP_Flow 19-234] Refreshing IP repositories
INFO: [IP_Flow 19-1704] No user IP repositories specified
INFO: [IP_Flow 19-2313] Loaded Vivado IP repository 'C:/Xilinx/Vivado/2019.2/data/ip'.
open_project: Time (s): cpu = 00:00:16 ; elapsed = 00:00:08 . Memory (MB): peak = 776.453 ; gain = 148.160
update_compile_order -fileset sources_1
